[0mCMake Deprecation Warning at CMakeLists.txt:1 (cmake_minimum_required):
  Compatibility with CMake < 2.8.12 will be removed from a future version of
  CMake.

  Update the VERSION argument <min> value or use a ...<max> suffix to tell
  CMake that the project does not need compatibility with older versions.

[0m
-- The C compiler identification is GNU 11.3.0
-- The CXX compiler identification is GNU 11.3.0
-- Detecting C compiler ABI info
-- Detecting C compiler ABI info - done
-- Check for working C compiler: /usr/bin/cc - skipped
-- Detecting C compile features
-- Detecting C compile features - done
-- Detecting CXX compiler ABI info
-- Detecting CXX compiler ABI info - done
-- Check for working CXX compiler: /usr/bin/c++ - skipped
-- Detecting CXX compile features
-- Detecting CXX compile features - done
[0m-- CMAKE_SYSTEM_PROCESSOR: x86_64[0m
-- Configuring done
-- Generating done
-- Build files have been written to: /home/leggedrobot/Documents/GitHub/unitree-go1-ros/ros2_ws/build/unitree_legged_sdk
[ 10%] [32mBuilding CXX object CMakeFiles/example_position.dir/example/example_position.cpp.o[0m
[ 20%] [32mBuilding CXX object CMakeFiles/example_velocity.dir/example/example_velocity.cpp.o[0m
[ 30%] [32mBuilding CXX object CMakeFiles/example_torque.dir/example/example_torque.cpp.o[0m
[ 40%] [32mBuilding CXX object CMakeFiles/example_joystick.dir/example/example_joystick.cpp.o[0m
[ 50%] [32mBuilding CXX object CMakeFiles/example_walk.dir/example/example_walk.cpp.o[0m
In file included from [01m[K/usr/include/boost/smart_ptr/detail/sp_thread_sleep.hpp:22[m[K,
                 from [01m[K/usr/include/boost/smart_ptr/detail/yield_k.hpp:23[m[K,
                 from [01m[K/usr/include/boost/smart_ptr/detail/spinlock_gcc_atomic.hpp:14[m[K,
                 from [01m[K/usr/include/boost/smart_ptr/detail/spinlock.hpp:42[m[K,
                 from [01m[K/usr/include/boost/smart_ptr/detail/spinlock_pool.hpp:25[m[K,
                 from [01m[K/usr/include/boost/smart_ptr/shared_ptr.hpp:29[m[K,
                 from [01m[K/usr/include/boost/shared_ptr.hpp:17[m[K,
                 from [01m[K/home/leggedrobot/Documents/GitHub/unitree-go1-ros/ros2_ws/src/unitree_legged_sdk/include/unitree_legged_sdk/loop.h:14[m[K,
                 from [01m[K/home/leggedrobot/Documents/GitHub/unitree-go1-ros/ros2_ws/src/unitree_legged_sdk/include/unitree_legged_sdk/unitree_legged_sdk.h:11[m[K,
                 from [01m[K/home/leggedrobot/Documents/GitHub/unitree-go1-ros/ros2_ws/src/unitree_legged_sdk/example/example_torque.cpp:5[m[K:
[01m[K/usr/include/boost/bind.hpp:36:1:[m[K [01;36m[Knote: [m[Kâ€˜[01m[K#pragma message: The practice of declaring the Bind placeholders (_1, _2, ...) in the global namespace is deprecated. Please use <boost/bind/bind.hpp> + using namespace boost::placeholders, or define BOOST_BIND_GLOBAL_PLACEHOLDERS to retain the current behavior.[m[Kâ€™
   36 | [01;36m[KBOOST_PRAGMA_MESSAGE[m[K(
      | [01;36m[K^~~~~~~~~~~~~~~~~~~~[m[K
In file included from [01m[K/usr/include/boost/smart_ptr/detail/sp_thread_sleep.hpp:22[m[K,
                 from [01m[K/usr/include/boost/smart_ptr/detail/yield_k.hpp:23[m[K,
                 from [01m[K/usr/include/boost/smart_ptr/detail/spinlock_gcc_atomic.hpp:14[m[K,
                 from [01m[K/usr/include/boost/smart_ptr/detail/spinlock.hpp:42[m[K,
                 from [01m[K/usr/include/boost/smart_ptr/detail/spinlock_pool.hpp:25[m[K,
                 from [01m[K/usr/include/boost/smart_ptr/shared_ptr.hpp:29[m[K,
                 from [01m[K/usr/include/boost/shared_ptr.hpp:17[m[K,
                 from [01m[K/home/leggedrobot/Documents/GitHub/unitree-go1-ros/ros2_ws/src/unitree_legged_sdk/include/unitree_legged_sdk/loop.h:14[m[K,
                 from [01m[K/home/leggedrobot/Documents/GitHub/unitree-go1-ros/ros2_ws/src/unitree_legged_sdk/include/unitree_legged_sdk/unitree_legged_sdk.h:11[m[K,
                 from [01m[K/home/leggedrobot/Documents/GitHub/unitree-go1-ros/ros2_ws/src/unitree_legged_sdk/example/example_position.cpp:5[m[K:
[01m[K/usr/include/boost/bind.hpp:36:1:[m[K [01;36m[Knote: [m[Kâ€˜[01m[K#pragma message: The practice of declaring the Bind placeholders (_1, _2, ...) in the global namespace is deprecated. Please use <boost/bind/bind.hpp> + using namespace boost::placeholders, or define BOOST_BIND_GLOBAL_PLACEHOLDERS to retain the current behavior.[m[Kâ€™
   36 | [01;36m[KBOOST_PRAGMA_MESSAGE[m[K(
      | [01;36m[K^~~~~~~~~~~~~~~~~~~~[m[K
In file included from [01m[K/usr/include/boost/smart_ptr/detail/sp_thread_sleep.hpp:22[m[K,
                 from [01m[K/usr/include/boost/smart_ptr/detail/yield_k.hpp:23[m[K,
                 from [01m[K/usr/include/boost/smart_ptr/detail/spinlock_gcc_atomic.hpp:14[m[K,
                 from [01m[K/usr/include/boost/smart_ptr/detail/spinlock.hpp:42[m[K,
                 from [01m[K/usr/include/boost/smart_ptr/detail/spinlock_pool.hpp:25[m[K,
                 from [01m[K/usr/include/boost/smart_ptr/shared_ptr.hpp:29[m[K,
                 from [01m[K/usr/include/boost/shared_ptr.hpp:17[m[K,
                 from [01m[K/home/leggedrobot/Documents/GitHub/unitree-go1-ros/ros2_ws/src/unitree_legged_sdk/include/unitree_legged_sdk/loop.h:14[m[K,
                 from [01m[K/home/leggedrobot/Documents/GitHub/unitree-go1-ros/ros2_ws/src/unitree_legged_sdk/include/unitree_legged_sdk/unitree_legged_sdk.h:11[m[K,
                 from [01m[K/home/leggedrobot/Documents/GitHub/unitree-go1-ros/ros2_ws/src/unitree_legged_sdk/example/example_velocity.cpp:5[m[K:
[01m[K/usr/include/boost/bind.hpp:36:1:[m[K [01;36m[Knote: [m[Kâ€˜[01m[K#pragma message: The practice of declaring the Bind placeholders (_1, _2, ...) in the global namespace is deprecated. Please use <boost/bind/bind.hpp> + using namespace boost::placeholders, or define BOOST_BIND_GLOBAL_PLACEHOLDERS to retain the current behavior.[m[Kâ€™
   36 | [01;36m[KBOOST_PRAGMA_MESSAGE[m[K(
      | [01;36m[K^~~~~~~~~~~~~~~~~~~~[m[K
In file included from [01m[K/usr/include/boost/smart_ptr/detail/sp_thread_sleep.hpp:22[m[K,
                 from [01m[K/usr/include/boost/smart_ptr/detail/yield_k.hpp:23[m[K,
                 from [01m[K/usr/include/boost/smart_ptr/detail/spinlock_gcc_atomic.hpp:14[m[K,
                 from [01m[K/usr/include/boost/smart_ptr/detail/spinlock.hpp:42[m[K,
                 from [01m[K/usr/include/boost/smart_ptr/detail/spinlock_pool.hpp:25[m[K,
                 from [01m[K/usr/include/boost/smart_ptr/shared_ptr.hpp:29[m[K,
                 from [01m[K/usr/include/boost/shared_ptr.hpp:17[m[K,
                 from [01m[K/home/leggedrobot/Documents/GitHub/unitree-go1-ros/ros2_ws/src/unitree_legged_sdk/include/unitree_legged_sdk/loop.h:14[m[K,
                 from [01m[K/home/leggedrobot/Documents/GitHub/unitree-go1-ros/ros2_ws/src/unitree_legged_sdk/include/unitree_legged_sdk/unitree_legged_sdk.h:11[m[K,
                 from [01m[K/home/leggedrobot/Documents/GitHub/unitree-go1-ros/ros2_ws/src/unitree_legged_sdk/example/example_walk.cpp:5[m[K:
[01m[K/usr/include/boost/bind.hpp:36:1:[m[K [01;36m[Knote: [m[Kâ€˜[01m[K#pragma message: The practice of declaring the Bind placeholders (_1, _2, ...) in the global namespace is deprecated. Please use <boost/bind/bind.hpp> + using namespace boost::placeholders, or define BOOST_BIND_GLOBAL_PLACEHOLDERS to retain the current behavior.[m[Kâ€™
   36 | [01;36m[KBOOST_PRAGMA_MESSAGE[m[K(
      | [01;36m[K^~~~~~~~~~~~~~~~~~~~[m[K
In file included from [01m[K/usr/include/boost/smart_ptr/detail/sp_thread_sleep.hpp:22[m[K,
                 from [01m[K/usr/include/boost/smart_ptr/detail/yield_k.hpp:23[m[K,
                 from [01m[K/usr/include/boost/smart_ptr/detail/spinlock_gcc_atomic.hpp:14[m[K,
                 from [01m[K/usr/include/boost/smart_ptr/detail/spinlock.hpp:42[m[K,
                 from [01m[K/usr/include/boost/smart_ptr/detail/spinlock_pool.hpp:25[m[K,
                 from [01m[K/usr/include/boost/smart_ptr/shared_ptr.hpp:29[m[K,
                 from [01m[K/usr/include/boost/shared_ptr.hpp:17[m[K,
                 from [01m[K/home/leggedrobot/Documents/GitHub/unitree-go1-ros/ros2_ws/src/unitree_legged_sdk/include/unitree_legged_sdk/loop.h:14[m[K,
                 from [01m[K/home/leggedrobot/Documents/GitHub/unitree-go1-ros/ros2_ws/src/unitree_legged_sdk/include/unitree_legged_sdk/unitree_legged_sdk.h:11[m[K,
                 from [01m[K/home/leggedrobot/Documents/GitHub/unitree-go1-ros/ros2_ws/src/unitree_legged_sdk/example/example_joystick.cpp:6[m[K:
[01m[K/usr/include/boost/bind.hpp:36:1:[m[K [01;36m[Knote: [m[Kâ€˜[01m[K#pragma message: The practice of declaring the Bind placeholders (_1, _2, ...) in the global namespace is deprecated. Please use <boost/bind/bind.hpp> + using namespace boost::placeholders, or define BOOST_BIND_GLOBAL_PLACEHOLDERS to retain the current behavior.[m[Kâ€™
   36 | [01;36m[KBOOST_PRAGMA_MESSAGE[m[K(
      | [01;36m[K^~~~~~~~~~~~~~~~~~~~[m[K
[ 60%] [32m[1mLinking CXX executable example_velocity[0m
[ 70%] [32m[1mLinking CXX executable example_torque[0m
[ 80%] [32m[1mLinking CXX executable example_joystick[0m
[ 90%] [32m[1mLinking CXX executable example_walk[0m
[100%] [32m[1mLinking CXX executable example_position[0m
/usr/bin/ld: /usr/bin/ld: /home/leggedrobot/Documents/GitHub/unitree-go1-ros/ros2_ws/src/unitree_legged_sdk/lib/cpp/amd64/libunitree_legged_sdk.a(loop.cpp.o)/home/leggedrobot/Documents/GitHub/unitree-go1-ros/ros2_ws/src/unitree_legged_sdk/lib/cpp/amd64/libunitree_legged_sdk.a(loop.cpp.o): relocation : relocation R_X86_64_PC32R_X86_64_PC32 against  against undefined undefined hidden symbol hidden symbol ``_ZTCN5boost10wrapexceptINS_17bad_function_callEEE0_NS_16exception_detail10clone_implINS3_19error_info_injectorIS1_EEEE_ZTCN5boost10wrapexceptINS_17bad_function_callEEE0_NS_16exception_detail10clone_implINS3_19error_info_injectorIS1_EEEE' can not be used when making ' can not be used when making a PIE objecta PIE object

/usr/bin/ld/usr/bin/ld: final link failed: : final link failed: bad valuebad value

/usr/bin/ld: /home/leggedrobot/Documents/GitHub/unitree-go1-ros/ros2_ws/src/unitree_legged_sdk/lib/cpp/amd64/libunitree_legged_sdk.a(loop.cpp.o): relocation R_X86_64_PC32 against undefined hidden symbol `_ZTCN5boost10wrapexceptINS_17bad_function_callEEE0_NS_16exception_detail10clone_implINS3_19error_info_injectorIS1_EEEE' can not be used when making a PIE object
/usr/bin/ld: /usr/bin/ld/home/leggedrobot/Documents/GitHub/unitree-go1-ros/ros2_ws/src/unitree_legged_sdk/lib/cpp/amd64/libunitree_legged_sdk.a(loop.cpp.o): final link failed: : relocation bad valueR_X86_64_PC32
 against undefined hidden symbol `_ZTCN5boost10wrapexceptINS_17bad_function_callEEE0_NS_16exception_detail10clone_implINS3_19error_info_injectorIS1_EEEE' can not be used when making a PIE object
/usr/bin/ld: final link failed: bad value
collect2: error: ld returned 1 exit status
collect2: error: ld returned 1 exit status
collect2: error: ld returned 1 exit status
collect2: error: ld returned 1 exit status
/usr/bin/ld: /home/leggedrobot/Documents/GitHub/unitree-go1-ros/ros2_ws/src/unitree_legged_sdk/lib/cpp/amd64/libunitree_legged_sdk.a(loop.cpp.o): relocation R_X86_64_PC32 against undefined hidden symbol `_ZTCN5boost10wrapexceptINS_17bad_function_callEEE0_NS_16exception_detail10clone_implINS3_19error_info_injectorIS1_EEEE' can not be used when making a PIE object
/usr/bin/ld: final link failed: bad value
gmake[2]: *** [CMakeFiles/example_joystick.dir/build.make:97: example_joystick] Error 1
gmake[2]: *** [CMakeFiles/example_torque.dir/build.make:97: example_torque] Error 1
gmake[2]: *** [CMakeFiles/example_velocity.dir/build.make:97: example_velocity] Error 1
gmake[2]: *** [CMakeFiles/example_walk.dir/build.make:97: example_walk] Error 1
gmake[1]: *** [CMakeFiles/Makefile2:195: CMakeFiles/example_joystick.dir/all] Error 2
gmake[1]: *** Waiting for unfinished jobs....
gmake[1]: *** [CMakeFiles/Makefile2:143: CMakeFiles/example_torque.dir/all] Error 2
gmake[1]: *** [CMakeFiles/Makefile2:117: CMakeFiles/example_velocity.dir/all] Error 2
gmake[1]: *** [CMakeFiles/Makefile2:169: CMakeFiles/example_walk.dir/all] Error 2
collect2: error: ld returned 1 exit status
gmake[2]: *** [CMakeFiles/example_position.dir/build.make:97: example_position] Error 1
gmake[1]: *** [CMakeFiles/Makefile2:91: CMakeFiles/example_position.dir/all] Error 2
gmake: *** [Makefile:136: all] Error 2
